Build started 23/03/2013 10:31:38 PM.
     1>Project "c:\Users\jaspreet\documents\visual studio 2010\Projects\ass2445_due_Monday\client\client.vcxproj" on node 2 (build target(s)).
     1>InitializeBuildStatus:
         Creating "Debug\client.unsuccessfulbuild" because "AlwaysCreate" was specified.
       ClCompile:
         C:\Program Files (x86)\Microsoft Visual Studio 10.0\VC\bin\CL.exe /c /ZI /nologo /W3 /WX- /Od /Oy- /D _MBCS /Gm /EHsc /RTC1 /MDd /GS /fp:precise /Zc:wchar_t /Zc:forScope /Fo"Debug\\" /Fd"Debug\vc100.pdb" /Gd /TP /analyze- /errorReport:prompt cli_tcp.cpp
         cli_tcp.cpp
     1>c:\users\jaspreet\documents\visual studio 2010\projects\ass2445_due_monday\client\cli_tcp.cpp(116): warning C4996: 'sprintf': This function or variable may be unsafe. Consider using sprintf_s instead. To disable deprecation, use _CRT_SECURE_NO_WARNINGS. See online help for details.
                 c:\program files (x86)\microsoft visual studio 10.0\vc\include\stdio.h(371) : see declaration of 'sprintf'
     1>c:\users\jaspreet\documents\visual studio 2010\projects\ass2445_due_monday\client\cli_tcp.cpp(131): warning C4996: 'sprintf': This function or variable may be unsafe. Consider using sprintf_s instead. To disable deprecation, use _CRT_SECURE_NO_WARNINGS. See online help for details.
                 c:\program files (x86)\microsoft visual studio 10.0\vc\include\stdio.h(371) : see declaration of 'sprintf'
     1>c:\users\jaspreet\documents\visual studio 2010\projects\ass2445_due_monday\client\cli_tcp.cpp(173): warning C4996: 'sprintf': This function or variable may be unsafe. Consider using sprintf_s instead. To disable deprecation, use _CRT_SECURE_NO_WARNINGS. See online help for details.
                 c:\program files (x86)\microsoft visual studio 10.0\vc\include\stdio.h(371) : see declaration of 'sprintf'
       Link:
         C:\Program Files (x86)\Microsoft Visual Studio 10.0\VC\bin\link.exe /ERRORREPORT:PROMPT /OUT:"c:\users\jaspreet\documents\visual studio 2010\Projects\ass2445_due_Monday\Debug\client.exe" /NOLOGO kernel32.lib user32.lib gdi32.lib winspool.lib comdlg32.lib advapi32.lib shell32.lib ole32.lib oleaut32.lib uuid.lib odbc32.lib odbccp32.lib /MANIFEST /ManifestFile:"Debug\client.exe.intermediate.manifest" /MANIFESTUAC:"level='asInvoker' uiAccess='false'" /DEBUG /PDB:"c:\users\jaspreet\documents\visual studio 2010\Projects\ass2445_due_Monday\Debug\client.pdb" /TLBID:1 /DYNAMICBASE /NXCOMPAT /IMPLIB:"c:\users\jaspreet\documents\visual studio 2010\Projects\ass2445_due_Monday\Debug\client.lib" /MACHINE:X86 Debug\cli_tcp.obj
         LINK : c:\users\jaspreet\documents\visual studio 2010\Projects\ass2445_due_Monday\Debug\client.exe not found or not built by the last incremental link; performing full link
         client.vcxproj -> c:\users\jaspreet\documents\visual studio 2010\Projects\ass2445_due_Monday\Debug\client.exe
       Manifest:
         C:\Program Files (x86)\Microsoft SDKs\Windows\v7.0A\bin\mt.exe /nologo /verbose /outputresource:"c:\users\jaspreet\documents\visual studio 2010\Projects\ass2445_due_Monday\Debug\client.exe;#1" /manifest Debug\client.exe.intermediate.manifest
       FinalizeBuildStatus:
         Deleting file "Debug\client.unsuccessfulbuild".
         Touching "Debug\client.lastbuildstate".
     1>Done Building Project "c:\Users\jaspreet\documents\visual studio 2010\Projects\ass2445_due_Monday\client\client.vcxproj" (build target(s)).

Build succeeded.

Time Elapsed 00:00:01.73
