Build started 1/21/2013 7:23:57 PM.
     1>Project "C:\Users\jaspreet\Documents\GitHub\FTPWinSock_Client_Server_App\Client\Client.vcxproj" on node 2 (build target(s)).
     1>InitializeBuildStatus:
         Creating "Debug\Client.unsuccessfulbuild" because "AlwaysCreate" was specified.
       ClCompile:
         C:\Program Files\Microsoft Visual Studio 10.0\VC\bin\CL.exe /c /ZI /nologo /W3 /WX- /Od /Oy- /D _MBCS /Gm /EHsc /RTC1 /MDd /GS /fp:precise /Zc:wchar_t /Zc:forScope /Fo"Debug\\" /Fd"Debug\vc100.pdb" /Gd /TP /analyze- /errorReport:prompt Source\cli_tcp.cpp
         cli_tcp.cpp
     1>c:\users\jaspreet\documents\github\ftpwinsock_client_server_app\client\source\cli_tcp.cpp(163): warning C4996: 'sprintf': This function or variable may be unsafe. Consider using sprintf_s instead. To disable deprecation, use _CRT_SECURE_NO_WARNINGS. See online help for details.
                 c:\program files\microsoft visual studio 10.0\vc\include\stdio.h(371) : see declaration of 'sprintf'
       Link:
         C:\Program Files\Microsoft Visual Studio 10.0\VC\bin\link.exe /ERRORREPORT:PROMPT /OUT:"C:\Users\jaspreet\Documents\GitHub\FTPWinSock_Client_Server_App\Debug\Client.exe" /NOLOGO kernel32.lib user32.lib gdi32.lib winspool.lib comdlg32.lib advapi32.lib shell32.lib ole32.lib oleaut32.lib uuid.lib odbc32.lib odbccp32.lib /MANIFEST /ManifestFile:"Debug\Client.exe.intermediate.manifest" /MANIFESTUAC:"level='asInvoker' uiAccess='false'" /DEBUG /PDB:"C:\Users\jaspreet\Documents\GitHub\FTPWinSock_Client_Server_App\Debug\Client.pdb" /TLBID:1 /DYNAMICBASE /NXCOMPAT /IMPLIB:"C:\Users\jaspreet\Documents\GitHub\FTPWinSock_Client_Server_App\Debug\Client.lib" /MACHINE:X86 Debug\cli_tcp.obj
         Client.vcxproj -> C:\Users\jaspreet\Documents\GitHub\FTPWinSock_Client_Server_App\Debug\Client.exe
       Manifest:
         C:\Program Files\Microsoft SDKs\Windows\v7.0A\bin\mt.exe /nologo /verbose /outputresource:"C:\Users\jaspreet\Documents\GitHub\FTPWinSock_Client_Server_App\Debug\Client.exe;#1" /manifest Debug\Client.exe.intermediate.manifest
       FinalizeBuildStatus:
         Deleting file "Debug\Client.unsuccessfulbuild".
         Touching "Debug\Client.lastbuildstate".
     1>Done Building Project "C:\Users\jaspreet\Documents\GitHub\FTPWinSock_Client_Server_App\Client\Client.vcxproj" (build target(s)).

Build succeeded.

Time Elapsed 00:00:01.90
