Build started 1/21/2013 7:23:17 PM.
     1>Project "C:\Users\jaspreet\Documents\GitHub\FTPWinSock_Client_Server_App\Server\Server.vcxproj" on node 2 (build target(s)).
     1>PrepareForBuild:
         Creating directory "C:\Users\jaspreet\Documents\GitHub\FTPWinSock_Client_Server_App\Debug\".
       InitializeBuildStatus:
         Creating "Debug\Server.unsuccessfulbuild" because "AlwaysCreate" was specified.
       ClCompile:
         C:\Program Files\Microsoft Visual Studio 10.0\VC\bin\CL.exe /c /ZI /nologo /W3 /WX- /Od /Oy- /D _MBCS /Gm /EHsc /RTC1 /MDd /GS /fp:precise /Zc:wchar_t /Zc:forScope /Fo"Debug\\" /Fd"Debug\vc100.pdb" /Gd /TP /analyze- /errorReport:prompt Source\ser_tcp.cpp
         ser_tcp.cpp
       Link:
         C:\Program Files\Microsoft Visual Studio 10.0\VC\bin\link.exe /ERRORREPORT:PROMPT /OUT:"C:\Users\jaspreet\Documents\GitHub\FTPWinSock_Client_Server_App\Debug\Server.exe" /NOLOGO kernel32.lib user32.lib gdi32.lib winspool.lib comdlg32.lib advapi32.lib shell32.lib ole32.lib oleaut32.lib uuid.lib odbc32.lib odbccp32.lib /MANIFEST /ManifestFile:"Debug\Server.exe.intermediate.manifest" /MANIFESTUAC:"level='asInvoker' uiAccess='false'" /DEBUG /PDB:"C:\Users\jaspreet\Documents\GitHub\FTPWinSock_Client_Server_App\Debug\Server.pdb" /TLBID:1 /DYNAMICBASE /NXCOMPAT /IMPLIB:"C:\Users\jaspreet\Documents\GitHub\FTPWinSock_Client_Server_App\Debug\Server.lib" /MACHINE:X86 Debug\ser_tcp.obj
         Server.vcxproj -> C:\Users\jaspreet\Documents\GitHub\FTPWinSock_Client_Server_App\Debug\Server.exe
       Manifest:
         C:\Program Files\Microsoft SDKs\Windows\v7.0A\bin\mt.exe /nologo /verbose /outputresource:"C:\Users\jaspreet\Documents\GitHub\FTPWinSock_Client_Server_App\Debug\Server.exe;#1" /manifest Debug\Server.exe.intermediate.manifest
       FinalizeBuildStatus:
         Deleting file "Debug\Server.unsuccessfulbuild".
         Touching "Debug\Server.lastbuildstate".
     1>Done Building Project "C:\Users\jaspreet\Documents\GitHub\FTPWinSock_Client_Server_App\Server\Server.vcxproj" (build target(s)).

Build succeeded.

Time Elapsed 00:00:03.20
