Build started 23/03/2013 10:31:38 PM.
     1>Project "c:\Users\jaspreet\documents\visual studio 2010\Projects\ass2445_due_Monday\server\server.vcxproj" on node 3 (build target(s)).
     1>InitializeBuildStatus:
         Creating "Debug\server.unsuccessfulbuild" because "AlwaysCreate" was specified.
       ClCompile:
         C:\Program Files (x86)\Microsoft Visual Studio 10.0\VC\bin\CL.exe /c /ZI /nologo /W3 /WX- /Od /Oy- /D _MBCS /Gm /EHsc /RTC1 /MDd /GS /fp:precise /Zc:wchar_t /Zc:forScope /Fo"Debug\\" /Fd"Debug\vc100.pdb" /Gd /TP /analyze- /errorReport:prompt ser_tcp.cpp
         ser_tcp.cpp
     1>c:\users\jaspreet\documents\visual studio 2010\projects\ass2445_due_monday\server\ser_tcp.cpp(111): warning C4996: 'sprintf': This function or variable may be unsafe. Consider using sprintf_s instead. To disable deprecation, use _CRT_SECURE_NO_WARNINGS. See online help for details.
                 c:\program files (x86)\microsoft visual studio 10.0\vc\include\stdio.h(371) : see declaration of 'sprintf'
     1>c:\users\jaspreet\documents\visual studio 2010\projects\ass2445_due_monday\server\ser_tcp.cpp(125): warning C4996: 'sprintf': This function or variable may be unsafe. Consider using sprintf_s instead. To disable deprecation, use _CRT_SECURE_NO_WARNINGS. See online help for details.
                 c:\program files (x86)\microsoft visual studio 10.0\vc\include\stdio.h(371) : see declaration of 'sprintf'
     1>c:\users\jaspreet\documents\visual studio 2010\projects\ass2445_due_monday\server\ser_tcp.cpp(139): warning C4244: '=' : conversion from 'std::streamoff' to 'int', possible loss of data
     1>c:\users\jaspreet\documents\visual studio 2010\projects\ass2445_due_monday\server\ser_tcp.cpp(173): warning C4996: 'sprintf': This function or variable may be unsafe. Consider using sprintf_s instead. To disable deprecation, use _CRT_SECURE_NO_WARNINGS. See online help for details.
                 c:\program files (x86)\microsoft visual studio 10.0\vc\include\stdio.h(371) : see declaration of 'sprintf'
     1>c:\users\jaspreet\documents\visual studio 2010\projects\ass2445_due_monday\server\ser_tcp.cpp(107): warning C4101: 'no_of_files_char' : unreferenced local variable
       Link:
         C:\Program Files (x86)\Microsoft Visual Studio 10.0\VC\bin\link.exe /ERRORREPORT:PROMPT /OUT:"c:\users\jaspreet\documents\visual studio 2010\Projects\ass2445_due_Monday\Debug\server.exe" /NOLOGO kernel32.lib user32.lib gdi32.lib winspool.lib comdlg32.lib advapi32.lib shell32.lib ole32.lib oleaut32.lib uuid.lib odbc32.lib odbccp32.lib /MANIFEST /ManifestFile:"Debug\server.exe.intermediate.manifest" /MANIFESTUAC:"level='asInvoker' uiAccess='false'" /DEBUG /PDB:"c:\users\jaspreet\documents\visual studio 2010\Projects\ass2445_due_Monday\Debug\server.pdb" /TLBID:1 /DYNAMICBASE /NXCOMPAT /IMPLIB:"c:\users\jaspreet\documents\visual studio 2010\Projects\ass2445_due_Monday\Debug\server.lib" /MACHINE:X86 Debug\ser_tcp.obj
         LINK : c:\users\jaspreet\documents\visual studio 2010\Projects\ass2445_due_Monday\Debug\server.exe not found or not built by the last incremental link; performing full link
         server.vcxproj -> c:\users\jaspreet\documents\visual studio 2010\Projects\ass2445_due_Monday\Debug\server.exe
       Manifest:
         C:\Program Files (x86)\Microsoft SDKs\Windows\v7.0A\bin\mt.exe /nologo /verbose /outputresource:"c:\users\jaspreet\documents\visual studio 2010\Projects\ass2445_due_Monday\Debug\server.exe;#1" /manifest Debug\server.exe.intermediate.manifest
       FinalizeBuildStatus:
         Deleting file "Debug\server.unsuccessfulbuild".
         Touching "Debug\server.lastbuildstate".
     1>Done Building Project "c:\Users\jaspreet\documents\visual studio 2010\Projects\ass2445_due_Monday\server\server.vcxproj" (build target(s)).

Build succeeded.

Time Elapsed 00:00:01.75
